  Generator.cpp
C:\Users\Angelica\Desktop\universidade\3ano\CG\CG-Project\Generator\Generator\Generator.cpp(423,35): warning C4838: conversion from 'double' to 'float' requires a narrowing conversion
C:\Users\Angelica\Desktop\universidade\3ano\CG\CG-Project\Generator\Generator\Generator.cpp(423,35): warning C4244: 'initializing': conversion from 'double' to 'float', possible loss of data
C:\Users\Angelica\Desktop\universidade\3ano\CG\CG-Project\Generator\Generator\Generator.cpp(423,40): warning C4838: conversion from 'double' to 'float' requires a narrowing conversion
C:\Users\Angelica\Desktop\universidade\3ano\CG\CG-Project\Generator\Generator\Generator.cpp(423,40): warning C4244: 'initializing': conversion from 'double' to 'float', possible loss of data
C:\Users\Angelica\Desktop\universidade\3ano\CG\CG-Project\Generator\Generator\Generator.cpp(423,45): warning C4838: conversion from 'double' to 'float' requires a narrowing conversion
C:\Users\Angelica\Desktop\universidade\3ano\CG\CG-Project\Generator\Generator\Generator.cpp(423,45): warning C4244: 'initializing': conversion from 'double' to 'float', possible loss of data
C:\Users\Angelica\Desktop\universidade\3ano\CG\CG-Project\Generator\Generator\Generator.cpp(424,35): warning C4838: conversion from 'double' to 'float' requires a narrowing conversion
C:\Users\Angelica\Desktop\universidade\3ano\CG\CG-Project\Generator\Generator\Generator.cpp(424,35): warning C4244: 'initializing': conversion from 'double' to 'float', possible loss of data
C:\Users\Angelica\Desktop\universidade\3ano\CG\CG-Project\Generator\Generator\Generator.cpp(424,40): warning C4838: conversion from 'double' to 'float' requires a narrowing conversion
C:\Users\Angelica\Desktop\universidade\3ano\CG\CG-Project\Generator\Generator\Generator.cpp(424,40): warning C4244: 'initializing': conversion from 'double' to 'float', possible loss of data
C:\Users\Angelica\Desktop\universidade\3ano\CG\CG-Project\Generator\Generator\Generator.cpp(424,45): warning C4838: conversion from 'double' to 'float' requires a narrowing conversion
C:\Users\Angelica\Desktop\universidade\3ano\CG\CG-Project\Generator\Generator\Generator.cpp(424,45): warning C4244: 'initializing': conversion from 'double' to 'float', possible loss of data
C:\Users\Angelica\Desktop\universidade\3ano\CG\CG-Project\Generator\Generator\Generator.cpp(425,35): warning C4838: conversion from 'double' to 'float' requires a narrowing conversion
C:\Users\Angelica\Desktop\universidade\3ano\CG\CG-Project\Generator\Generator\Generator.cpp(425,35): warning C4244: 'initializing': conversion from 'double' to 'float', possible loss of data
C:\Users\Angelica\Desktop\universidade\3ano\CG\CG-Project\Generator\Generator\Generator.cpp(425,40): warning C4838: conversion from 'double' to 'float' requires a narrowing conversion
C:\Users\Angelica\Desktop\universidade\3ano\CG\CG-Project\Generator\Generator\Generator.cpp(425,40): warning C4244: 'initializing': conversion from 'double' to 'float', possible loss of data
C:\Users\Angelica\Desktop\universidade\3ano\CG\CG-Project\Generator\Generator\Generator.cpp(425,45): warning C4838: conversion from 'double' to 'float' requires a narrowing conversion
C:\Users\Angelica\Desktop\universidade\3ano\CG\CG-Project\Generator\Generator\Generator.cpp(425,45): warning C4244: 'initializing': conversion from 'double' to 'float', possible loss of data
C:\Users\Angelica\Desktop\universidade\3ano\CG\CG-Project\Generator\Generator\Generator.cpp(445,35): warning C4838: conversion from 'double' to 'float' requires a narrowing conversion
C:\Users\Angelica\Desktop\universidade\3ano\CG\CG-Project\Generator\Generator\Generator.cpp(445,35): warning C4244: 'initializing': conversion from 'double' to 'float', possible loss of data
C:\Users\Angelica\Desktop\universidade\3ano\CG\CG-Project\Generator\Generator\Generator.cpp(445,40): warning C4838: conversion from 'double' to 'float' requires a narrowing conversion
C:\Users\Angelica\Desktop\universidade\3ano\CG\CG-Project\Generator\Generator\Generator.cpp(445,40): warning C4244: 'initializing': conversion from 'double' to 'float', possible loss of data
C:\Users\Angelica\Desktop\universidade\3ano\CG\CG-Project\Generator\Generator\Generator.cpp(445,45): warning C4838: conversion from 'double' to 'float' requires a narrowing conversion
C:\Users\Angelica\Desktop\universidade\3ano\CG\CG-Project\Generator\Generator\Generator.cpp(445,45): warning C4244: 'initializing': conversion from 'double' to 'float', possible loss of data
C:\Users\Angelica\Desktop\universidade\3ano\CG\CG-Project\Generator\Generator\Generator.cpp(470,21): warning C4244: 'initializing': conversion from 'double' to 'float', possible loss of data
C:\Users\Angelica\Desktop\universidade\3ano\CG\CG-Project\Generator\Generator\Generator.cpp(471,21): warning C4244: 'initializing': conversion from 'double' to 'float', possible loss of data
C:\Users\Angelica\Desktop\universidade\3ano\CG\CG-Project\Generator\Generator\Generator.cpp(602,35): warning C4838: conversion from 'double' to 'float' requires a narrowing conversion
C:\Users\Angelica\Desktop\universidade\3ano\CG\CG-Project\Generator\Generator\Generator.cpp(602,35): warning C4244: 'initializing': conversion from 'double' to 'float', possible loss of data
C:\Users\Angelica\Desktop\universidade\3ano\CG\CG-Project\Generator\Generator\Generator.cpp(602,40): warning C4838: conversion from 'double' to 'float' requires a narrowing conversion
C:\Users\Angelica\Desktop\universidade\3ano\CG\CG-Project\Generator\Generator\Generator.cpp(602,40): warning C4244: 'initializing': conversion from 'double' to 'float', possible loss of data
C:\Users\Angelica\Desktop\universidade\3ano\CG\CG-Project\Generator\Generator\Generator.cpp(602,45): warning C4838: conversion from 'double' to 'float' requires a narrowing conversion
C:\Users\Angelica\Desktop\universidade\3ano\CG\CG-Project\Generator\Generator\Generator.cpp(602,45): warning C4244: 'initializing': conversion from 'double' to 'float', possible loss of data
C:\Users\Angelica\Desktop\universidade\3ano\CG\CG-Project\Generator\Generator\Generator.cpp(603,35): warning C4838: conversion from 'double' to 'float' requires a narrowing conversion
C:\Users\Angelica\Desktop\universidade\3ano\CG\CG-Project\Generator\Generator\Generator.cpp(603,35): warning C4244: 'initializing': conversion from 'double' to 'float', possible loss of data
C:\Users\Angelica\Desktop\universidade\3ano\CG\CG-Project\Generator\Generator\Generator.cpp(603,40): warning C4838: conversion from 'double' to 'float' requires a narrowing conversion
C:\Users\Angelica\Desktop\universidade\3ano\CG\CG-Project\Generator\Generator\Generator.cpp(603,40): warning C4244: 'initializing': conversion from 'double' to 'float', possible loss of data
C:\Users\Angelica\Desktop\universidade\3ano\CG\CG-Project\Generator\Generator\Generator.cpp(603,45): warning C4838: conversion from 'double' to 'float' requires a narrowing conversion
C:\Users\Angelica\Desktop\universidade\3ano\CG\CG-Project\Generator\Generator\Generator.cpp(603,45): warning C4244: 'initializing': conversion from 'double' to 'float', possible loss of data
C:\Users\Angelica\Desktop\universidade\3ano\CG\CG-Project\Generator\Generator\Generator.cpp(604,35): warning C4838: conversion from 'double' to 'float' requires a narrowing conversion
C:\Users\Angelica\Desktop\universidade\3ano\CG\CG-Project\Generator\Generator\Generator.cpp(604,35): warning C4244: 'initializing': conversion from 'double' to 'float', possible loss of data
C:\Users\Angelica\Desktop\universidade\3ano\CG\CG-Project\Generator\Generator\Generator.cpp(604,40): warning C4838: conversion from 'double' to 'float' requires a narrowing conversion
C:\Users\Angelica\Desktop\universidade\3ano\CG\CG-Project\Generator\Generator\Generator.cpp(604,40): warning C4244: 'initializing': conversion from 'double' to 'float', possible loss of data
C:\Users\Angelica\Desktop\universidade\3ano\CG\CG-Project\Generator\Generator\Generator.cpp(604,45): warning C4838: conversion from 'double' to 'float' requires a narrowing conversion
C:\Users\Angelica\Desktop\universidade\3ano\CG\CG-Project\Generator\Generator\Generator.cpp(604,45): warning C4244: 'initializing': conversion from 'double' to 'float', possible loss of data
C:\Users\Angelica\Desktop\universidade\3ano\CG\CG-Project\Generator\Generator\Generator.cpp(631,35): warning C4838: conversion from 'double' to 'float' requires a narrowing conversion
C:\Users\Angelica\Desktop\universidade\3ano\CG\CG-Project\Generator\Generator\Generator.cpp(631,35): warning C4244: 'initializing': conversion from 'double' to 'float', possible loss of data
C:\Users\Angelica\Desktop\universidade\3ano\CG\CG-Project\Generator\Generator\Generator.cpp(631,40): warning C4838: conversion from 'double' to 'float' requires a narrowing conversion
C:\Users\Angelica\Desktop\universidade\3ano\CG\CG-Project\Generator\Generator\Generator.cpp(631,40): warning C4244: 'initializing': conversion from 'double' to 'float', possible loss of data
C:\Users\Angelica\Desktop\universidade\3ano\CG\CG-Project\Generator\Generator\Generator.cpp(631,45): warning C4838: conversion from 'double' to 'float' requires a narrowing conversion
C:\Users\Angelica\Desktop\universidade\3ano\CG\CG-Project\Generator\Generator\Generator.cpp(631,45): warning C4244: 'initializing': conversion from 'double' to 'float', possible loss of data
C:\Users\Angelica\Desktop\universidade\3ano\CG\CG-Project\Generator\Generator\Generator.cpp(632,35): warning C4838: conversion from 'double' to 'float' requires a narrowing conversion
C:\Users\Angelica\Desktop\universidade\3ano\CG\CG-Project\Generator\Generator\Generator.cpp(632,35): warning C4244: 'initializing': conversion from 'double' to 'float', possible loss of data
C:\Users\Angelica\Desktop\universidade\3ano\CG\CG-Project\Generator\Generator\Generator.cpp(632,40): warning C4838: conversion from 'double' to 'float' requires a narrowing conversion
C:\Users\Angelica\Desktop\universidade\3ano\CG\CG-Project\Generator\Generator\Generator.cpp(632,40): warning C4244: 'initializing': conversion from 'double' to 'float', possible loss of data
C:\Users\Angelica\Desktop\universidade\3ano\CG\CG-Project\Generator\Generator\Generator.cpp(632,45): warning C4838: conversion from 'double' to 'float' requires a narrowing conversion
C:\Users\Angelica\Desktop\universidade\3ano\CG\CG-Project\Generator\Generator\Generator.cpp(632,45): warning C4244: 'initializing': conversion from 'double' to 'float', possible loss of data
C:\Users\Angelica\Desktop\universidade\3ano\CG\CG-Project\Generator\Generator\Generator.cpp(633,35): warning C4838: conversion from 'double' to 'float' requires a narrowing conversion
C:\Users\Angelica\Desktop\universidade\3ano\CG\CG-Project\Generator\Generator\Generator.cpp(633,35): warning C4244: 'initializing': conversion from 'double' to 'float', possible loss of data
C:\Users\Angelica\Desktop\universidade\3ano\CG\CG-Project\Generator\Generator\Generator.cpp(633,40): warning C4838: conversion from 'double' to 'float' requires a narrowing conversion
C:\Users\Angelica\Desktop\universidade\3ano\CG\CG-Project\Generator\Generator\Generator.cpp(633,40): warning C4244: 'initializing': conversion from 'double' to 'float', possible loss of data
C:\Users\Angelica\Desktop\universidade\3ano\CG\CG-Project\Generator\Generator\Generator.cpp(633,45): warning C4838: conversion from 'double' to 'float' requires a narrowing conversion
C:\Users\Angelica\Desktop\universidade\3ano\CG\CG-Project\Generator\Generator\Generator.cpp(633,45): warning C4244: 'initializing': conversion from 'double' to 'float', possible loss of data
C:\Users\Angelica\Desktop\universidade\3ano\CG\CG-Project\Generator\Generator\Generator.cpp(669,17): warning C4101: 'atr': unreferenced local variable
C:\Users\Angelica\Desktop\universidade\3ano\CG\CG-Project\Generator\Generator\Generator.cpp(854,16): warning C4244: 'initializing': conversion from 'double' to 'float', possible loss of data
C:\Users\Angelica\Desktop\universidade\3ano\CG\CG-Project\Generator\Generator\Generator.cpp(1004,59): warning C4244: 'argument': conversion from 'int' to 'float', possible loss of data
C:\Users\Angelica\Desktop\universidade\3ano\CG\CG-Project\Generator\Generator\Generator.cpp(1004,44): warning C4244: 'argument': conversion from 'double' to 'float', possible loss of data
C:\Users\Angelica\Desktop\universidade\3ano\CG\CG-Project\Generator\Generator\Generator.cpp(1004,29): warning C4244: 'argument': conversion from 'double' to 'float', possible loss of data
C:\Users\Angelica\Desktop\universidade\3ano\CG\CG-Project\Generator\Generator\Generator.cpp(1009,59): warning C4244: 'argument': conversion from 'int' to 'float', possible loss of data
C:\Users\Angelica\Desktop\universidade\3ano\CG\CG-Project\Generator\Generator\Generator.cpp(1009,44): warning C4244: 'argument': conversion from 'double' to 'float', possible loss of data
C:\Users\Angelica\Desktop\universidade\3ano\CG\CG-Project\Generator\Generator\Generator.cpp(1009,29): warning C4244: 'argument': conversion from 'double' to 'float', possible loss of data
C:\Users\Angelica\Desktop\universidade\3ano\CG\CG-Project\Generator\Generator\Generator.cpp(1031,64): warning C4244: 'argument': conversion from 'double' to 'float', possible loss of data
C:\Users\Angelica\Desktop\universidade\3ano\CG\CG-Project\Generator\Generator\Generator.cpp(1031,49): warning C4244: 'argument': conversion from 'double' to 'float', possible loss of data
C:\Users\Angelica\Desktop\universidade\3ano\CG\CG-Project\Generator\Generator\Generator.cpp(1031,34): warning C4244: 'argument': conversion from 'double' to 'float', possible loss of data
C:\Users\Angelica\Desktop\universidade\3ano\CG\CG-Project\Generator\Generator\Generator.cpp(1031,19): warning C4244: 'argument': conversion from 'double' to 'float', possible loss of data
  Generator.vcxproj -> C:\Users\Angelica\Desktop\universidade\3ano\CG\CG-Project\Generator\Debug\Generator.exe
